<?xml version="1.0" encoding="UTF-8"?>
<testsuite xmlns:xsi="http://www.w3.org/2001/XMLSchema-instance" xsi:noNamespaceSchemaLocation="https://maven.apache.org/surefire/maven-surefire-plugin/xsd/surefire-test-report-3.0.xsd" version="3.0" name="TestSuite" time="39.175" tests="30" errors="0" skipped="0" failures="0">
  <properties>
    <property name="java.specification.version" value="18"/>
    <property name="webdriver.chrome.driver" value="/Users/krnair/.m2/repository/webdriver/chromedriver/mac64/104.0.5112.79/chromedriver"/>
    <property name="sun.jnu.encoding" value="UTF-8"/>
    <property name="java.class.path" value="/Users/krnair/git/Testproject/QalegendProject/target/test-classes:/Users/krnair/git/Testproject/QalegendProject/target/classes:/Users/krnair/.m2/repository/org/seleniumhq/selenium/selenium-java/3.141.59/selenium-java-3.141.59.jar:/Users/krnair/.m2/repository/org/seleniumhq/selenium/selenium-api/3.141.59/selenium-api-3.141.59.jar:/Users/krnair/.m2/repository/org/seleniumhq/selenium/selenium-chrome-driver/3.141.59/selenium-chrome-driver-3.141.59.jar:/Users/krnair/.m2/repository/org/seleniumhq/selenium/selenium-edge-driver/3.141.59/selenium-edge-driver-3.141.59.jar:/Users/krnair/.m2/repository/org/seleniumhq/selenium/selenium-firefox-driver/3.141.59/selenium-firefox-driver-3.141.59.jar:/Users/krnair/.m2/repository/org/seleniumhq/selenium/selenium-ie-driver/3.141.59/selenium-ie-driver-3.141.59.jar:/Users/krnair/.m2/repository/org/seleniumhq/selenium/selenium-opera-driver/3.141.59/selenium-opera-driver-3.141.59.jar:/Users/krnair/.m2/repository/org/seleniumhq/selenium/selenium-remote-driver/3.141.59/selenium-remote-driver-3.141.59.jar:/Users/krnair/.m2/repository/org/seleniumhq/selenium/selenium-safari-driver/3.141.59/selenium-safari-driver-3.141.59.jar:/Users/krnair/.m2/repository/org/seleniumhq/selenium/selenium-support/3.141.59/selenium-support-3.141.59.jar:/Users/krnair/.m2/repository/net/bytebuddy/byte-buddy/1.8.15/byte-buddy-1.8.15.jar:/Users/krnair/.m2/repository/org/apache/commons/commons-exec/1.3/commons-exec-1.3.jar:/Users/krnair/.m2/repository/com/google/guava/guava/25.0-jre/guava-25.0-jre.jar:/Users/krnair/.m2/repository/com/google/code/findbugs/jsr305/1.3.9/jsr305-1.3.9.jar:/Users/krnair/.m2/repository/org/checkerframework/checker-compat-qual/2.0.0/checker-compat-qual-2.0.0.jar:/Users/krnair/.m2/repository/com/google/errorprone/error_prone_annotations/2.1.3/error_prone_annotations-2.1.3.jar:/Users/krnair/.m2/repository/com/google/j2objc/j2objc-annotations/1.1/j2objc-annotations-1.1.jar:/Users/krnair/.m2/repository/org/codehaus/mojo/animal-sniffer-annotations/1.14/animal-sniffer-annotations-1.14.jar:/Users/krnair/.m2/repository/com/squareup/okhttp3/okhttp/3.11.0/okhttp-3.11.0.jar:/Users/krnair/.m2/repository/com/squareup/okio/okio/1.14.0/okio-1.14.0.jar:/Users/krnair/.m2/repository/io/github/bonigarcia/webdrivermanager/3.8.1/webdrivermanager-3.8.1.jar:/Users/krnair/.m2/repository/org/slf4j/slf4j-api/1.7.25/slf4j-api-1.7.25.jar:/Users/krnair/.m2/repository/com/google/code/gson/gson/2.8.5/gson-2.8.5.jar:/Users/krnair/.m2/repository/org/apache/commons/commons-lang3/3.8.1/commons-lang3-3.8.1.jar:/Users/krnair/.m2/repository/org/apache/httpcomponents/httpclient/4.5.6/httpclient-4.5.6.jar:/Users/krnair/.m2/repository/org/apache/httpcomponents/httpcore/4.4.10/httpcore-4.4.10.jar:/Users/krnair/.m2/repository/commons-logging/commons-logging/1.2/commons-logging-1.2.jar:/Users/krnair/.m2/repository/org/rauschig/jarchivelib/1.0.0/jarchivelib-1.0.0.jar:/Users/krnair/.m2/repository/org/apache/commons/commons-compress/1.18/commons-compress-1.18.jar:/Users/krnair/.m2/repository/org/jsoup/jsoup/1.11.3/jsoup-1.11.3.jar:/Users/krnair/.m2/repository/org/apache/poi/poi/3.17/poi-3.17.jar:/Users/krnair/.m2/repository/commons-codec/commons-codec/1.10/commons-codec-1.10.jar:/Users/krnair/.m2/repository/org/apache/commons/commons-collections4/4.1/commons-collections4-4.1.jar:/Users/krnair/.m2/repository/org/apache/poi/poi-ooxml/3.17/poi-ooxml-3.17.jar:/Users/krnair/.m2/repository/com/github/virtuald/curvesapi/1.04/curvesapi-1.04.jar:/Users/krnair/.m2/repository/commons-io/commons-io/2.4/commons-io-2.4.jar:/Users/krnair/.m2/repository/org/apache/poi/openxml4j/1.0-beta/openxml4j-1.0-beta.jar:/Users/krnair/.m2/repository/dom4j/dom4j/1.6.1/dom4j-1.6.1.jar:/Users/krnair/.m2/repository/xml-apis/xml-apis/1.0.b2/xml-apis-1.0.b2.jar:/Users/krnair/.m2/repository/log4j/log4j/1.2.8/log4j-1.2.8.jar:/Users/krnair/.m2/repository/org/apache/servicemix/bundles/org.apache.servicemix.bundles.jexcelapi/2.4.2_4/org.apache.servicemix.bundles.jexcelapi-2.4.2_4.jar:/Users/krnair/.m2/repository/org/testng/testng/7.4.0/testng-7.4.0.jar:/Users/krnair/.m2/repository/com/beust/jcommander/1.78/jcommander-1.78.jar:/Users/krnair/.m2/repository/org/webjars/jquery/3.5.1/jquery-3.5.1.jar:/Users/krnair/.m2/repository/org/slf4j/slf4j-simple/1.6.1/slf4j-simple-1.6.1.jar:/Users/krnair/.m2/repository/com/relevantcodes/extentreports/2.41.2/extentreports-2.41.2.jar:/Users/krnair/.m2/repository/org/xerial/sqlite-jdbc/3.8.11.1/sqlite-jdbc-3.8.11.1.jar:/Users/krnair/.m2/repository/org/freemarker/freemarker/2.3.23/freemarker-2.3.23.jar:/Users/krnair/.m2/repository/org/mongodb/mongodb-driver/3.0.4/mongodb-driver-3.0.4.jar:/Users/krnair/.m2/repository/org/mongodb/bson/3.0.4/bson-3.0.4.jar:/Users/krnair/.m2/repository/org/mongodb/mongodb-driver-core/3.0.4/mongodb-driver-core-3.0.4.jar:/Users/krnair/.m2/repository/com/github/javafaker/javafaker/0.12/javafaker-0.12.jar:/Users/krnair/.m2/repository/com/github/mifmif/generex/1.0.2/generex-1.0.2.jar:/Users/krnair/.m2/repository/dk/brics/automaton/automaton/1.11-8/automaton-1.11-8.jar:/Users/krnair/.m2/repository/org/apache/poi/poi-ooxml-schemas/3.17/poi-ooxml-schemas-3.17.jar:/Users/krnair/.m2/repository/org/apache/xmlbeans/xmlbeans/2.6.0/xmlbeans-2.6.0.jar:/Users/krnair/.m2/repository/stax/stax-api/1.0.1/stax-api-1.0.1.jar:/Users/krnair/.m2/repository/org/apache/poi/poi-scratchpad/3.17/poi-scratchpad-3.17.jar:/Users/krnair/.m2/repository/junit/junit/4.12/junit-4.12.jar:/Users/krnair/.m2/repository/org/hamcrest/hamcrest-core/1.3/hamcrest-core-1.3.jar:"/>
    <property name="java.vm.vendor" value="Oracle Corporation"/>
    <property name="sun.arch.data.model" value="64"/>
    <property name="java.vendor.url" value="https://java.oracle.com/"/>
    <property name="user.timezone" value="Asia/Kolkata"/>
    <property name="os.name" value="Mac OS X"/>
    <property name="java.vm.specification.version" value="18"/>
    <property name="sun.java.launcher" value="SUN_STANDARD"/>
    <property name="user.country" value="IN"/>
    <property name="sun.boot.library.path" value="/Library/Java/JavaVirtualMachines/jdk-18.0.1.1.jdk/Contents/Home/lib"/>
    <property name="sun.java.command" value="/Users/krnair/git/Testproject/QalegendProject/target/surefire/surefirebooter14857007098225289227.jar /Users/krnair/git/Testproject/QalegendProject/target/surefire 2022-08-30T13-50-59_229-jvmRun1 surefire4275635524760853980tmp surefire_018159130583256395518tmp"/>
    <property name="http.nonProxyHosts" value="local|*.local|169.254/16|*.169.254/16"/>
    <property name="jdk.debug" value="release"/>
    <property name="surefire.test.class.path" value="/Users/krnair/git/Testproject/QalegendProject/target/test-classes:/Users/krnair/git/Testproject/QalegendProject/target/classes:/Users/krnair/.m2/repository/org/seleniumhq/selenium/selenium-java/3.141.59/selenium-java-3.141.59.jar:/Users/krnair/.m2/repository/org/seleniumhq/selenium/selenium-api/3.141.59/selenium-api-3.141.59.jar:/Users/krnair/.m2/repository/org/seleniumhq/selenium/selenium-chrome-driver/3.141.59/selenium-chrome-driver-3.141.59.jar:/Users/krnair/.m2/repository/org/seleniumhq/selenium/selenium-edge-driver/3.141.59/selenium-edge-driver-3.141.59.jar:/Users/krnair/.m2/repository/org/seleniumhq/selenium/selenium-firefox-driver/3.141.59/selenium-firefox-driver-3.141.59.jar:/Users/krnair/.m2/repository/org/seleniumhq/selenium/selenium-ie-driver/3.141.59/selenium-ie-driver-3.141.59.jar:/Users/krnair/.m2/repository/org/seleniumhq/selenium/selenium-opera-driver/3.141.59/selenium-opera-driver-3.141.59.jar:/Users/krnair/.m2/repository/org/seleniumhq/selenium/selenium-remote-driver/3.141.59/selenium-remote-driver-3.141.59.jar:/Users/krnair/.m2/repository/org/seleniumhq/selenium/selenium-safari-driver/3.141.59/selenium-safari-driver-3.141.59.jar:/Users/krnair/.m2/repository/org/seleniumhq/selenium/selenium-support/3.141.59/selenium-support-3.141.59.jar:/Users/krnair/.m2/repository/net/bytebuddy/byte-buddy/1.8.15/byte-buddy-1.8.15.jar:/Users/krnair/.m2/repository/org/apache/commons/commons-exec/1.3/commons-exec-1.3.jar:/Users/krnair/.m2/repository/com/google/guava/guava/25.0-jre/guava-25.0-jre.jar:/Users/krnair/.m2/repository/com/google/code/findbugs/jsr305/1.3.9/jsr305-1.3.9.jar:/Users/krnair/.m2/repository/org/checkerframework/checker-compat-qual/2.0.0/checker-compat-qual-2.0.0.jar:/Users/krnair/.m2/repository/com/google/errorprone/error_prone_annotations/2.1.3/error_prone_annotations-2.1.3.jar:/Users/krnair/.m2/repository/com/google/j2objc/j2objc-annotations/1.1/j2objc-annotations-1.1.jar:/Users/krnair/.m2/repository/org/codehaus/mojo/animal-sniffer-annotations/1.14/animal-sniffer-annotations-1.14.jar:/Users/krnair/.m2/repository/com/squareup/okhttp3/okhttp/3.11.0/okhttp-3.11.0.jar:/Users/krnair/.m2/repository/com/squareup/okio/okio/1.14.0/okio-1.14.0.jar:/Users/krnair/.m2/repository/io/github/bonigarcia/webdrivermanager/3.8.1/webdrivermanager-3.8.1.jar:/Users/krnair/.m2/repository/org/slf4j/slf4j-api/1.7.25/slf4j-api-1.7.25.jar:/Users/krnair/.m2/repository/com/google/code/gson/gson/2.8.5/gson-2.8.5.jar:/Users/krnair/.m2/repository/org/apache/commons/commons-lang3/3.8.1/commons-lang3-3.8.1.jar:/Users/krnair/.m2/repository/org/apache/httpcomponents/httpclient/4.5.6/httpclient-4.5.6.jar:/Users/krnair/.m2/repository/org/apache/httpcomponents/httpcore/4.4.10/httpcore-4.4.10.jar:/Users/krnair/.m2/repository/commons-logging/commons-logging/1.2/commons-logging-1.2.jar:/Users/krnair/.m2/repository/org/rauschig/jarchivelib/1.0.0/jarchivelib-1.0.0.jar:/Users/krnair/.m2/repository/org/apache/commons/commons-compress/1.18/commons-compress-1.18.jar:/Users/krnair/.m2/repository/org/jsoup/jsoup/1.11.3/jsoup-1.11.3.jar:/Users/krnair/.m2/repository/org/apache/poi/poi/3.17/poi-3.17.jar:/Users/krnair/.m2/repository/commons-codec/commons-codec/1.10/commons-codec-1.10.jar:/Users/krnair/.m2/repository/org/apache/commons/commons-collections4/4.1/commons-collections4-4.1.jar:/Users/krnair/.m2/repository/org/apache/poi/poi-ooxml/3.17/poi-ooxml-3.17.jar:/Users/krnair/.m2/repository/com/github/virtuald/curvesapi/1.04/curvesapi-1.04.jar:/Users/krnair/.m2/repository/commons-io/commons-io/2.4/commons-io-2.4.jar:/Users/krnair/.m2/repository/org/apache/poi/openxml4j/1.0-beta/openxml4j-1.0-beta.jar:/Users/krnair/.m2/repository/dom4j/dom4j/1.6.1/dom4j-1.6.1.jar:/Users/krnair/.m2/repository/xml-apis/xml-apis/1.0.b2/xml-apis-1.0.b2.jar:/Users/krnair/.m2/repository/log4j/log4j/1.2.8/log4j-1.2.8.jar:/Users/krnair/.m2/repository/org/apache/servicemix/bundles/org.apache.servicemix.bundles.jexcelapi/2.4.2_4/org.apache.servicemix.bundles.jexcelapi-2.4.2_4.jar:/Users/krnair/.m2/repository/org/testng/testng/7.4.0/testng-7.4.0.jar:/Users/krnair/.m2/repository/com/beust/jcommander/1.78/jcommander-1.78.jar:/Users/krnair/.m2/repository/org/webjars/jquery/3.5.1/jquery-3.5.1.jar:/Users/krnair/.m2/repository/org/slf4j/slf4j-simple/1.6.1/slf4j-simple-1.6.1.jar:/Users/krnair/.m2/repository/com/relevantcodes/extentreports/2.41.2/extentreports-2.41.2.jar:/Users/krnair/.m2/repository/org/xerial/sqlite-jdbc/3.8.11.1/sqlite-jdbc-3.8.11.1.jar:/Users/krnair/.m2/repository/org/freemarker/freemarker/2.3.23/freemarker-2.3.23.jar:/Users/krnair/.m2/repository/org/mongodb/mongodb-driver/3.0.4/mongodb-driver-3.0.4.jar:/Users/krnair/.m2/repository/org/mongodb/bson/3.0.4/bson-3.0.4.jar:/Users/krnair/.m2/repository/org/mongodb/mongodb-driver-core/3.0.4/mongodb-driver-core-3.0.4.jar:/Users/krnair/.m2/repository/com/github/javafaker/javafaker/0.12/javafaker-0.12.jar:/Users/krnair/.m2/repository/com/github/mifmif/generex/1.0.2/generex-1.0.2.jar:/Users/krnair/.m2/repository/dk/brics/automaton/automaton/1.11-8/automaton-1.11-8.jar:/Users/krnair/.m2/repository/org/apache/poi/poi-ooxml-schemas/3.17/poi-ooxml-schemas-3.17.jar:/Users/krnair/.m2/repository/org/apache/xmlbeans/xmlbeans/2.6.0/xmlbeans-2.6.0.jar:/Users/krnair/.m2/repository/stax/stax-api/1.0.1/stax-api-1.0.1.jar:/Users/krnair/.m2/repository/org/apache/poi/poi-scratchpad/3.17/poi-scratchpad-3.17.jar:/Users/krnair/.m2/repository/junit/junit/4.12/junit-4.12.jar:/Users/krnair/.m2/repository/org/hamcrest/hamcrest-core/1.3/hamcrest-core-1.3.jar:"/>
    <property name="sun.cpu.endian" value="little"/>
    <property name="user.home" value="/Users/krnair"/>
    <property name="user.language" value="en"/>
    <property name="java.specification.vendor" value="Oracle Corporation"/>
    <property name="java.version.date" value="2022-04-22"/>
    <property name="java.home" value="/Library/Java/JavaVirtualMachines/jdk-18.0.1.1.jdk/Contents/Home"/>
    <property name="file.separator" value="/"/>
    <property name="basedir" value="/Users/krnair/git/Testproject/QalegendProject"/>
    <property name="java.vm.compressedOopsMode" value="Zero based"/>
    <property name="line.separator" value="&#10;"/>
    <property name="java.vm.specification.vendor" value="Oracle Corporation"/>
    <property name="java.specification.name" value="Java Platform API Specification"/>
    <property name="apple.awt.application.name" value="ForkedBooter"/>
    <property name="surefire.real.class.path" value="/Users/krnair/git/Testproject/QalegendProject/target/surefire/surefirebooter14857007098225289227.jar"/>
    <property name="sun.management.compiler" value="HotSpot 64-Bit Tiered Compilers"/>
    <property name="ftp.nonProxyHosts" value="local|*.local|169.254/16|*.169.254/16"/>
    <property name="java.runtime.version" value="18.0.1.1+2-6"/>
    <property name="user.name" value="krnair"/>
    <property name="path.separator" value=":"/>
    <property name="os.version" value="11.6.5"/>
    <property name="java.runtime.name" value="Java(TM) SE Runtime Environment"/>
    <property name="file.encoding" value="UTF-8"/>
    <property name="java.vm.name" value="Java HotSpot(TM) 64-Bit Server VM"/>
    <property name="localRepository" value="/Users/krnair/.m2/repository"/>
    <property name="java.vendor.url.bug" value="https://bugreport.java.com/bugreport/"/>
    <property name="java.io.tmpdir" value="/var/folders/ny/lp_y0mh13hl4cc8kd6_x1x8c0000gn/T/"/>
    <property name="java.version" value="18.0.1.1"/>
    <property name="user.dir" value="/Users/krnair/git/Testproject/QalegendProject"/>
    <property name="os.arch" value="x86_64"/>
    <property name="java.vm.specification.name" value="Java Virtual Machine Specification"/>
    <property name="native.encoding" value="UTF-8"/>
    <property name="java.library.path" value="/Users/krnair/Library/Java/Extensions:/Library/Java/Extensions:/Network/Library/Java/Extensions:/System/Library/Java/Extensions:/usr/lib/java:."/>
    <property name="java.vm.info" value="mixed mode, sharing"/>
    <property name="java.vendor" value="Oracle Corporation"/>
    <property name="java.vm.version" value="18.0.1.1+2-6"/>
    <property name="sun.io.unicode.encoding" value="UnicodeBig"/>
    <property name="socksNonProxyHosts" value="local|*.local|169.254/16|*.169.254/16"/>
    <property name="java.class.version" value="62.0"/>
  </properties>
  <testcase name="verifyLoginValidUserInvalidPass[admin, password123](1)" classname="com.Qalegendproject.Scripts.TestLogin" time="0.963">
    <system-err><![CDATA[log4j:WARN No appenders could be found for logger (org.apache.http.client.protocol.RequestAddCookies).
log4j:WARN Please initialize the log4j system properly.
1907 [main] INFO io.github.bonigarcia.wdm.WebDriverManager - Using chromedriver 104.0.5112.79 (since Google Chrome 104 is installed in your machine)
1923 [main] INFO io.github.bonigarcia.wdm.WebDriverManager - Exporting webdriver.chrome.driver as /Users/krnair/.m2/repository/webdriver/chromedriver/mac64/104.0.5112.79/chromedriver
Starting ChromeDriver 104.0.5112.79 (3cf3e8c8a07d104b9e1260c910efb8f383285dc5-refs/branch-heads/5112@{#1307}) on port 3166
Only local connections are allowed.
Please see https://chromedriver.chromium.org/security-considerations for suggestions on keeping ChromeDriver safe.
ChromeDriver was started successfully.
Aug 30, 2022 1:51:04 PM org.openqa.selenium.remote.ProtocolHandshake createSession
INFO: Detected dialect: W3C
]]></system-err>
  </testcase>
  <testcase name="verifyLoginInvalidUserValidPass[admin123, password](1)" classname="com.Qalegendproject.Scripts.TestLogin" time="0.72"/>
  <testcase name="verifyLoginInvaliduserInvalidPass[adsam, admin12](1)" classname="com.Qalegendproject.Scripts.TestLogin" time="0.652"/>
  <testcase name="verifyLoginValidUserValidPass[admin, password](1)" classname="com.Qalegendproject.Scripts.TestLogin" time="2.511"/>
  <testcase name="verifyProductPage" classname="com.Qalegendproject.Scripts.TestProduct" time="2.276">
    <system-out><![CDATA[POS - point of sale Presto Cafeteria
]]></system-out>
  </testcase>
  <testcase name="verifyAddproduct" classname="com.Qalegendproject.Scripts.TestProduct" time="0.62">
    <system-out><![CDATA[Add Product
]]></system-out>
  </testcase>
  <testcase name="verifyAddproductfields" classname="com.Qalegendproject.Scripts.TestProduct" time="1.148"/>
  <testcase name="verifyproductdwnlod" classname="com.Qalegendproject.Scripts.TestProduct" time="5.461"/>
  <testcase name="verifyproductsearch" classname="com.Qalegendproject.Scripts.TestProduct" time="0.227">
    <system-out><![CDATA[false
]]></system-out>
  </testcase>
  <testcase name="verifyproductview" classname="com.Qalegendproject.Scripts.TestProduct" time="0.705"/>
  <testcase name="verifyproductbarcode" classname="com.Qalegendproject.Scripts.TestProduct" time="0.476"/>
  <testcase name="verifyproductedit" classname="com.Qalegendproject.Scripts.TestProduct" time="1.395"/>
  <testcase name="verifyproductdel" classname="com.Qalegendproject.Scripts.TestProduct" time="1.375"/>
  <testcase name="verifyproductnext" classname="com.Qalegendproject.Scripts.TestProduct" time="0.67"/>
  <testcase name="verifyproductprevious" classname="com.Qalegendproject.Scripts.TestProduct" time="0.079"/>
  <testcase name="verifyproductprint" classname="com.Qalegendproject.Scripts.TestProduct" time="0.065"/>
  <testcase name="verifyproductprintclose" classname="com.Qalegendproject.Scripts.TestProduct" time="0.611"/>
  <testcase name="verifyproductupload" classname="com.Qalegendproject.Scripts.TestProduct" time="0.963"/>
  <testcase name="verifyproductuploadclose" classname="com.Qalegendproject.Scripts.TestProduct" time="0.051"/>
  <testcase name="verifynavigatetoStorePage" classname="com.Qalegendproject.Scripts.TestStore" time="1.312">
    <system-out><![CDATA[POS - point of sale Presto Cafeteria
]]></system-out>
  </testcase>
  <testcase name="verifyStorePageadd" classname="com.Qalegendproject.Scripts.TestStore" time="0.629"/>
  <testcase name="verifyStorePageadddetails" classname="com.Qalegendproject.Scripts.TestStore" time="0.696"/>
  <testcase name="verifyStorePageadddetailssubmit" classname="com.Qalegendproject.Scripts.TestStore" time="0.899"/>
  <testcase name="verifyStorePagesort" classname="com.Qalegendproject.Scripts.TestStore" time="0.631"/>
  <testcase name="verifyStorePageedit" classname="com.Qalegendproject.Scripts.TestStore" time="1.15"/>
  <testcase name="verifyStorePagedel" classname="com.Qalegendproject.Scripts.TestStore" time="0.845"/>
  <testcase name="verifynavigatepeoplepage" classname="com.Qalegendproject.Scripts.TestStore" time="1.446"/>
  <testcase name="verifyPeoplepageaddwaiter" classname="com.Qalegendproject.Scripts.TestStore" time="0.618"/>
  <testcase name="verifyPeoplepageaddwaiterdetails" classname="com.Qalegendproject.Scripts.TestStore" time="0.633"/>
  <testcase name="verifyPeoplepageaddwaiterdetailssubmit" classname="com.Qalegendproject.Scripts.TestStore" time="0.984"/>
</testsuite>