<?xml version="1.0" encoding="UTF-8"?>
<!-- Generated by org.testng.reporters.JUnitReportReporter -->
<testsuite hostname="Krishnanunnis-MacBook-Pro.local" failures="0" tests="11" name="com.Qalegendproject.Scripts.TestStore" time="9.077" errors="0" timestamp="2022-07-25T10:43:00 IST" skipped="0">
  <testcase classname="com.Qalegendproject.Scripts.TestStore" name="verifynavigatetoStorePage" time="0.867"/>
  <system-out/>
  <testcase classname="com.Qalegendproject.Scripts.TestStore" name="verifyStorePageadd" time="0.602"/>
  <system-out/>
  <testcase classname="com.Qalegendproject.Scripts.TestStore" name="verifyStorePageadddetails" time="0.705"/>
  <system-out/>
  <testcase classname="com.Qalegendproject.Scripts.TestStore" name="verifyStorePageadddetailssubmit" time="0.785"/>
  <system-out/>
  <testcase classname="com.Qalegendproject.Scripts.TestStore" name="verifyStorePagesort" time="0.635"/>
  <system-out/>
  <testcase classname="com.Qalegendproject.Scripts.TestStore" name="verifyStorePageedit" time="1.239"/>
  <system-out/>
  <testcase classname="com.Qalegendproject.Scripts.TestStore" name="verifyStorePagedel" time="0.721"/>
  <system-out/>
  <testcase classname="com.Qalegendproject.Scripts.TestStore" name="verifynavigatepeoplepage" time="1.401"/>
  <system-out/>
  <testcase classname="com.Qalegendproject.Scripts.TestStore" name="verifyPeoplepageaddwaiter" time="0.626"/>
  <system-out/>
  <testcase classname="com.Qalegendproject.Scripts.TestStore" name="verifyPeoplepageaddwaiterdetails" time="0.611"/>
  <system-out/>
  <testcase classname="com.Qalegendproject.Scripts.TestStore" name="verifyPeoplepageaddwaiterdetailssubmit" time="0.885"/>
  <system-out/>
</testsuite> <!-- com.Qalegendproject.Scripts.TestStore -->
