<?xml version="1.0" encoding="UTF-8"?>
<!-- Generated by org.testng.reporters.JUnitReportReporter -->
<testsuite hostname="Krishnanunnis-MacBook-Pro.local" failures="0" tests="4" name="com.Qalegendproject.Scripts.TestLogin" time="4.854" errors="0" timestamp="2022-08-30T13:51:38 IST" skipped="0">
  <testcase classname="com.Qalegendproject.Scripts.TestLogin" name="verifyLoginValidUserInvalidPass" time="0.971"/>
  <system-out/>
  <testcase classname="com.Qalegendproject.Scripts.TestLogin" name="verifyLoginInvalidUserValidPass" time="0.720"/>
  <system-out/>
  <testcase classname="com.Qalegendproject.Scripts.TestLogin" name="verifyLoginInvaliduserInvalidPass" time="0.652"/>
  <system-out/>
  <testcase classname="com.Qalegendproject.Scripts.TestLogin" name="verifyLoginValidUserValidPass" time="2.511"/>
  <system-out/>
</testsuite> <!-- com.Qalegendproject.Scripts.TestLogin -->
