<?xml version="1.0" encoding="UTF-8"?>
<!-- Generated by org.testng.reporters.JUnitReportReporter -->
<testsuite hostname="Krishnanunnis-MacBook-Pro.local" failures="0" tests="15" name="com.Qalegendproject.Scripts.TestProduct" time="16.124" errors="0" timestamp="2022-08-30T13:51:38 IST" skipped="0">
  <testcase classname="com.Qalegendproject.Scripts.TestProduct" name="verifyProductPage" time="2.275"/>
  <system-out/>
  <testcase classname="com.Qalegendproject.Scripts.TestProduct" name="verifyAddproduct" time="0.621"/>
  <system-out/>
  <testcase classname="com.Qalegendproject.Scripts.TestProduct" name="verifyAddproductfields" time="1.149"/>
  <system-out/>
  <testcase classname="com.Qalegendproject.Scripts.TestProduct" name="verifyproductdwnlod" time="5.461"/>
  <system-out/>
  <testcase classname="com.Qalegendproject.Scripts.TestProduct" name="verifyproductsearch" time="0.227"/>
  <system-out/>
  <testcase classname="com.Qalegendproject.Scripts.TestProduct" name="verifyproductview" time="0.705"/>
  <system-out/>
  <testcase classname="com.Qalegendproject.Scripts.TestProduct" name="verifyproductbarcode" time="0.476"/>
  <system-out/>
  <testcase classname="com.Qalegendproject.Scripts.TestProduct" name="verifyproductedit" time="1.394"/>
  <system-out/>
  <testcase classname="com.Qalegendproject.Scripts.TestProduct" name="verifyproductdel" time="1.376"/>
  <system-out/>
  <testcase classname="com.Qalegendproject.Scripts.TestProduct" name="verifyproductnext" time="0.670"/>
  <system-out/>
  <testcase classname="com.Qalegendproject.Scripts.TestProduct" name="verifyproductprevious" time="0.079"/>
  <system-out/>
  <testcase classname="com.Qalegendproject.Scripts.TestProduct" name="verifyproductprint" time="0.065"/>
  <system-out/>
  <testcase classname="com.Qalegendproject.Scripts.TestProduct" name="verifyproductprintclose" time="0.610"/>
  <system-out/>
  <testcase classname="com.Qalegendproject.Scripts.TestProduct" name="verifyproductupload" time="0.965"/>
  <system-out/>
  <testcase classname="com.Qalegendproject.Scripts.TestProduct" name="verifyproductuploadclose" time="0.051"/>
  <system-out/>
</testsuite> <!-- com.Qalegendproject.Scripts.TestProduct -->
