<?xml version="1.0" encoding="UTF-8"?>
<!-- Generated by org.testng.reporters.JUnitReportReporter -->
<testsuite hostname="Krishnanunnis-MacBook-Pro.local" failures="0" tests="15" name="com.Qalegendproject.Scripts.TestProduct" time="15.979" errors="0" timestamp="2022-07-25T10:43:00 IST" skipped="0">
  <testcase classname="com.Qalegendproject.Scripts.TestProduct" name="verifyProductPage" time="2.125"/>
  <system-out/>
  <testcase classname="com.Qalegendproject.Scripts.TestProduct" name="verifyAddproduct" time="0.622"/>
  <system-out/>
  <testcase classname="com.Qalegendproject.Scripts.TestProduct" name="verifyAddproductfields" time="1.297"/>
  <system-out/>
  <testcase classname="com.Qalegendproject.Scripts.TestProduct" name="verifyproductdwnlod" time="5.344"/>
  <system-out/>
  <testcase classname="com.Qalegendproject.Scripts.TestProduct" name="verifyproductsearch" time="0.256"/>
  <system-out/>
  <testcase classname="com.Qalegendproject.Scripts.TestProduct" name="verifyproductview" time="0.751"/>
  <system-out/>
  <testcase classname="com.Qalegendproject.Scripts.TestProduct" name="verifyproductbarcode" time="0.581"/>
  <system-out/>
  <testcase classname="com.Qalegendproject.Scripts.TestProduct" name="verifyproductedit" time="1.531"/>
  <system-out/>
  <testcase classname="com.Qalegendproject.Scripts.TestProduct" name="verifyproductdel" time="1.072"/>
  <system-out/>
  <testcase classname="com.Qalegendproject.Scripts.TestProduct" name="verifyproductnext" time="0.667"/>
  <system-out/>
  <testcase classname="com.Qalegendproject.Scripts.TestProduct" name="verifyproductprevious" time="0.070"/>
  <system-out/>
  <testcase classname="com.Qalegendproject.Scripts.TestProduct" name="verifyproductprint" time="0.060"/>
  <system-out/>
  <testcase classname="com.Qalegendproject.Scripts.TestProduct" name="verifyproductprintclose" time="0.578"/>
  <system-out/>
  <testcase classname="com.Qalegendproject.Scripts.TestProduct" name="verifyproductupload" time="0.961"/>
  <system-out/>
  <testcase classname="com.Qalegendproject.Scripts.TestProduct" name="verifyproductuploadclose" time="0.064"/>
  <system-out/>
</testsuite> <!-- com.Qalegendproject.Scripts.TestProduct -->
