<?xml version="1.0" encoding="UTF-8"?>
<!-- Generated by org.testng.reporters.JUnitReportReporter -->
<testsuite hostname="Krishnanunnis-MacBook-Pro.local" failures="0" tests="4" name="com.Finalproject.Scripts.TestClas" time="4.489" errors="0" timestamp="2022-07-24T11:01:03 IST" skipped="0">
  <testcase classname="com.Finalproject.Scripts.TestClas" name="verifyLoginValidUserInvalidPass" time="0.801"/>
  <system-out/>
  <testcase classname="com.Finalproject.Scripts.TestClas" name="verifyLoginInvalidUserValidPass" time="0.681"/>
  <system-out/>
  <testcase classname="com.Finalproject.Scripts.TestClas" name="verifyLoginInvaliduserInvalidPass" time="0.664"/>
  <system-out/>
  <testcase classname="com.Finalproject.Scripts.TestClas" name="verifyLoginValidUserValidPass" time="2.343"/>
  <system-out/>
</testsuite> <!-- com.Finalproject.Scripts.TestClas -->
