<?xml version="1.0" encoding="UTF-8"?>
<!-- Generated by org.testng.reporters.JUnitReportReporter -->
<testsuite hostname="Krishnanunnis-MacBook-Pro.local" failures="0" tests="15" name="com.Finalproject.Scripts.TestProduct" time="16.427" errors="0" timestamp="2022-07-24T11:01:03 IST" skipped="0">
  <testcase classname="com.Finalproject.Scripts.TestProduct" name="verifyProductPage" time="2.393"/>
  <system-out/>
  <testcase classname="com.Finalproject.Scripts.TestProduct" name="verifyAddproduct" time="0.614"/>
  <system-out/>
  <testcase classname="com.Finalproject.Scripts.TestProduct" name="verifyAddproductfields" time="1.231"/>
  <system-out/>
  <testcase classname="com.Finalproject.Scripts.TestProduct" name="verifyproductdwnlod" time="5.344"/>
  <system-out/>
  <testcase classname="com.Finalproject.Scripts.TestProduct" name="verifyproductsearch" time="0.300"/>
  <system-out/>
  <testcase classname="com.Finalproject.Scripts.TestProduct" name="verifyproductview" time="0.755"/>
  <system-out/>
  <testcase classname="com.Finalproject.Scripts.TestProduct" name="verifyproductbarcode" time="0.575"/>
  <system-out/>
  <testcase classname="com.Finalproject.Scripts.TestProduct" name="verifyproductedit" time="1.702"/>
  <system-out/>
  <testcase classname="com.Finalproject.Scripts.TestProduct" name="verifyproductdel" time="1.086"/>
  <system-out/>
  <testcase classname="com.Finalproject.Scripts.TestProduct" name="verifyproductnext" time="0.677"/>
  <system-out/>
  <testcase classname="com.Finalproject.Scripts.TestProduct" name="verifyproductprevious" time="0.078"/>
  <system-out/>
  <testcase classname="com.Finalproject.Scripts.TestProduct" name="verifyproductprint" time="0.062"/>
  <system-out/>
  <testcase classname="com.Finalproject.Scripts.TestProduct" name="verifyproductprintclose" time="0.577"/>
  <system-out/>
  <testcase classname="com.Finalproject.Scripts.TestProduct" name="verifyproductupload" time="0.983"/>
  <system-out/>
  <testcase classname="com.Finalproject.Scripts.TestProduct" name="verifyproductuploadclose" time="0.050"/>
  <system-out/>
</testsuite> <!-- com.Finalproject.Scripts.TestProduct -->
