<?xml version="1.0" encoding="UTF-8"?>
<!-- Generated by org.testng.reporters.JUnitReportReporter -->
<testsuite hostname="Krishnanunnis-MacBook-Pro.local" failures="0" tests="11" name="com.Finalproject.Scripts.TestStore" time="9.074" errors="0" timestamp="2022-07-24T11:01:03 IST" skipped="0">
  <testcase classname="com.Finalproject.Scripts.TestStore" name="verifynavigatetoStorePage" time="0.919"/>
  <system-out/>
  <testcase classname="com.Finalproject.Scripts.TestStore" name="verifyStorePageadd" time="0.600"/>
  <system-out/>
  <testcase classname="com.Finalproject.Scripts.TestStore" name="verifyStorePageadddetails" time="0.683"/>
  <system-out/>
  <testcase classname="com.Finalproject.Scripts.TestStore" name="verifyStorePageadddetailssubmit" time="0.837"/>
  <system-out/>
  <testcase classname="com.Finalproject.Scripts.TestStore" name="verifyStorePagesort" time="0.650"/>
  <system-out/>
  <testcase classname="com.Finalproject.Scripts.TestStore" name="verifyStorePageedit" time="1.142"/>
  <system-out/>
  <testcase classname="com.Finalproject.Scripts.TestStore" name="verifyStorePagedel" time="0.815"/>
  <system-out/>
  <testcase classname="com.Finalproject.Scripts.TestStore" name="verifynavigatepeoplepage" time="1.292"/>
  <system-out/>
  <testcase classname="com.Finalproject.Scripts.TestStore" name="verifyPeoplepageaddwaiter" time="0.660"/>
  <system-out/>
  <testcase classname="com.Finalproject.Scripts.TestStore" name="verifyPeoplepageaddwaiterdetails" time="0.645"/>
  <system-out/>
  <testcase classname="com.Finalproject.Scripts.TestStore" name="verifyPeoplepageaddwaiterdetailssubmit" time="0.831"/>
  <system-out/>
</testsuite> <!-- com.Finalproject.Scripts.TestStore -->
