<?xml version="1.0" encoding="UTF-8"?>
<!-- Generated by org.testng.reporters.JUnitReportReporter -->
<testsuite hostname="Krishnanunnis-MacBook-Pro.local" failures="0" tests="11" name="com.Qalegendproject.Scripts.TestStore" time="9.582" errors="0" timestamp="2022-07-26T06:42:44 IST" skipped="0">
  <testcase classname="com.Qalegendproject.Scripts.TestStore" name="verifynavigatetoStorePage" time="0.925"/>
  <system-out/>
  <testcase classname="com.Qalegendproject.Scripts.TestStore" name="verifyStorePageadd" time="0.609"/>
  <system-out/>
  <testcase classname="com.Qalegendproject.Scripts.TestStore" name="verifyStorePageadddetails" time="0.694"/>
  <system-out/>
  <testcase classname="com.Qalegendproject.Scripts.TestStore" name="verifyStorePageadddetailssubmit" time="0.868"/>
  <system-out/>
  <testcase classname="com.Qalegendproject.Scripts.TestStore" name="verifyStorePagesort" time="0.622"/>
  <system-out/>
  <testcase classname="com.Qalegendproject.Scripts.TestStore" name="verifyStorePageedit" time="1.187"/>
  <system-out/>
  <testcase classname="com.Qalegendproject.Scripts.TestStore" name="verifyStorePagedel" time="0.927"/>
  <system-out/>
  <testcase classname="com.Qalegendproject.Scripts.TestStore" name="verifynavigatepeoplepage" time="1.479"/>
  <system-out/>
  <testcase classname="com.Qalegendproject.Scripts.TestStore" name="verifyPeoplepageaddwaiter" time="0.608"/>
  <system-out/>
  <testcase classname="com.Qalegendproject.Scripts.TestStore" name="verifyPeoplepageaddwaiterdetails" time="0.631"/>
  <system-out/>
  <testcase classname="com.Qalegendproject.Scripts.TestStore" name="verifyPeoplepageaddwaiterdetailssubmit" time="1.032"/>
  <system-out/>
</testsuite> <!-- com.Qalegendproject.Scripts.TestStore -->
