<?xml version="1.0" encoding="UTF-8"?>
<!-- Generated by org.testng.reporters.JUnitReportReporter -->
<testsuite hostname="Krishnanunnis-MacBook-Pro.local" failures="0" tests="4" name="com.Qalegendproject.Scripts.TestClas" time="4.894" errors="0" timestamp="2022-07-26T06:42:44 IST" skipped="0">
  <testcase classname="com.Qalegendproject.Scripts.TestClas" name="verifyLoginValidUserInvalidPass" time="0.931"/>
  <system-out/>
  <testcase classname="com.Qalegendproject.Scripts.TestClas" name="verifyLoginInvalidUserValidPass" time="0.665"/>
  <system-out/>
  <testcase classname="com.Qalegendproject.Scripts.TestClas" name="verifyLoginInvaliduserInvalidPass" time="0.740"/>
  <system-out/>
  <testcase classname="com.Qalegendproject.Scripts.TestClas" name="verifyLoginValidUserValidPass" time="2.558"/>
  <system-out/>
</testsuite> <!-- com.Qalegendproject.Scripts.TestClas -->
